<?xml version="1.0" encoding="UTF-8"?>
<coverage generated="1611451525688" clover="3.2.0">
  <project timestamp="1611451525688" name="All files">
    <metrics statements="27" coveredstatements="21" conditionals="6" coveredconditionals="5" methods="6" coveredmethods="5" elements="39" coveredelements="31" complexity="0" loc="27" ncloc="27" packages="2" files="2" classes="2"/>
    <package name="helpers">
      <metrics statements="6" coveredstatements="0" conditionals="1" coveredconditionals="0" methods="1" coveredmethods="0"/>
      <file name="vehicle-model-helper.ts" path="C:\Users\danie\OneDrive\Desktop\GitHub\node_proyectos\13-tdd\class_01\src\helpers\vehicle-model-helper.ts">
        <metrics statements="6" coveredstatements="0" conditionals="1" coveredconditionals="0" methods="1" coveredmethods="0"/>
        <line num="1" count="0" type="cond" truecount="0" falsecount="1"/>
        <line num="2" count="0" type="stmt"/>
        <line num="3" count="0" type="stmt"/>
        <line num="4" count="0" type="stmt"/>
        <line num="5" count="0" type="stmt"/>
        <line num="6" count="0" type="stmt"/>
      </file>
    </package>
    <package name="models">
      <metrics statements="21" coveredstatements="21" conditionals="5" coveredconditionals="5" methods="5" coveredmethods="5"/>
      <file name="vehicle-model.ts" path="C:\Users\danie\OneDrive\Desktop\GitHub\node_proyectos\13-tdd\class_01\src\models\vehicle-model.ts">
        <metrics statements="21" coveredstatements="21" conditionals="5" coveredconditionals="5" methods="5" coveredmethods="5"/>
        <line num="1" count="1" type="stmt"/>
        <line num="2" count="1" type="stmt"/>
        <line num="3" count="1" type="stmt"/>
        <line num="4" count="1" type="cond" truecount="1" falsecount="0"/>
        <line num="5" count="1" type="stmt"/>
        <line num="6" count="1" type="cond" truecount="1" falsecount="0"/>
        <line num="7" count="1" type="stmt"/>
        <line num="8" count="1" type="stmt"/>
        <line num="9" count="1" type="stmt"/>
        <line num="10" count="1" type="cond" truecount="1" falsecount="0"/>
        <line num="11" count="1" type="stmt"/>
        <line num="12" count="1" type="stmt"/>
        <line num="13" count="1" type="stmt"/>
        <line num="14" count="1" type="cond" truecount="1" falsecount="0"/>
        <line num="15" count="1" type="stmt"/>
        <line num="16" count="1" type="stmt"/>
        <line num="17" count="1" type="stmt"/>
        <line num="18" count="1" type="cond" truecount="1" falsecount="0"/>
        <line num="19" count="1" type="stmt"/>
        <line num="20" count="1" type="stmt"/>
        <line num="21" count="1" type="stmt"/>
      </file>
    </package>
  </project>
</coverage>
