TN:
SF:src\helpers\vehicle-model-helper.ts
FN:1,(empty-report)
FNF:1
FNH:0
FNDA:0,(empty-report)
DA:1,0
DA:2,0
DA:3,0
DA:4,0
DA:5,0
DA:6,0
LF:6
LH:0
BRDA:1,0,0,0
BRF:1
BRH:0
end_of_record
TN:
SF:src\models\vehicle-model.ts
FN:4,VehicleModel
FN:6,getName
FN:10,getModel
FN:14,getYear
FN:18,getPrice
FNF:5
FNH:5
FNDA:1,VehicleModel
FNDA:1,getName
FNDA:1,getModel
FNDA:1,getYear
FNDA:1,getPrice
DA:1,1
DA:2,1
DA:3,1
DA:4,1
DA:5,1
DA:6,1
DA:7,1
DA:8,1
DA:9,1
DA:10,1
DA:11,1
DA:12,1
DA:13,1
DA:14,1
DA:15,1
DA:16,1
DA:17,1
DA:18,1
DA:19,1
DA:20,1
DA:21,1
LF:21
LH:21
BRDA:4,0,0,1
BRDA:6,1,0,1
BRDA:10,2,0,1
BRDA:14,3,0,1
BRDA:18,4,0,1
BRF:5
BRH:5
end_of_record
